<?xml version="1.0" encoding="UTF-8"?>
<testng-results ignored="0" total="5" passed="5" failed="0" skipped="0">
  <reporter-output>
  </reporter-output>
  <suite started-at="2023-03-01T08:55:01 IST" name="Default suite" finished-at="2023-03-01T08:55:02 IST" duration-ms="1675">
    <groups>
    </groups>
    <test started-at="2023-03-01T08:55:01 IST" name="Default test" finished-at="2023-03-01T08:55:02 IST" duration-ms="1675">
      <class name="sqldataBase.RetrivingDataBase">
        <test-method signature="getData([Ljava.lang.String;)[pri:0, instance:sqldataBase.RetrivingDataBase@6adbc9d]" started-at="2023-03-01T08:55:02 IST" name="getData" data-provider="data" finished-at="2023-03-01T08:55:02 IST" duration-ms="9" status="PASS">
          <params>
            <param index="0">
              <value>
                <![CDATA[[Ljava.lang.String;@28e8dde3]]>
              </value>
            </param>
          </params>
          <reporter-output>
          </reporter-output>
        </test-method> <!-- getData -->
        <test-method signature="getData([Ljava.lang.String;)[pri:0, instance:sqldataBase.RetrivingDataBase@6adbc9d]" started-at="2023-03-01T08:55:02 IST" name="getData" data-provider="data" finished-at="2023-03-01T08:55:02 IST" duration-ms="4" status="PASS">
          <params>
            <param index="0">
              <value>
                <![CDATA[[Ljava.lang.String;@6d23017e]]>
              </value>
            </param>
          </params>
          <reporter-output>
          </reporter-output>
        </test-method> <!-- getData -->
        <test-method signature="getData([Ljava.lang.String;)[pri:0, instance:sqldataBase.RetrivingDataBase@6adbc9d]" started-at="2023-03-01T08:55:02 IST" name="getData" data-provider="data" finished-at="2023-03-01T08:55:02 IST" duration-ms="1" status="PASS">
          <params>
            <param index="0">
              <value>
                <![CDATA[[Ljava.lang.String;@54dcfa5a]]>
              </value>
            </param>
          </params>
          <reporter-output>
          </reporter-output>
        </test-method> <!-- getData -->
        <test-method signature="getData([Ljava.lang.String;)[pri:0, instance:sqldataBase.RetrivingDataBase@6adbc9d]" started-at="2023-03-01T08:55:02 IST" name="getData" data-provider="data" finished-at="2023-03-01T08:55:02 IST" duration-ms="2" status="PASS">
          <params>
            <param index="0">
              <value>
                <![CDATA[[Ljava.lang.String;@1817f1eb]]>
              </value>
            </param>
          </params>
          <reporter-output>
          </reporter-output>
        </test-method> <!-- getData -->
        <test-method signature="getData([Ljava.lang.String;)[pri:0, instance:sqldataBase.RetrivingDataBase@6adbc9d]" started-at="2023-03-01T08:55:02 IST" name="getData" data-provider="data" finished-at="2023-03-01T08:55:02 IST" duration-ms="1" status="PASS">
          <params>
            <param index="0">
              <value>
                <![CDATA[[Ljava.lang.String;@767e20cf]]>
              </value>
            </param>
          </params>
          <reporter-output>
          </reporter-output>
        </test-method> <!-- getData -->
      </class> <!-- sqldataBase.RetrivingDataBase -->
    </test> <!-- Default test -->
  </suite> <!-- Default suite -->
</testng-results>
