<?xml version="1.0" encoding="UTF-8"?>
<!-- Generated by org.testng.reporters.JUnitXMLReporter -->
<testsuite ignored="0" hostname="DESKTOP-0MUFT6L" failures="0" tests="3" name="IT Department" time="41.79" errors="0" timestamp="2022-03-25T19:06:31 IST">
  <testcase classname="Mainproject.simpleproject.Xlfile" name="softAssert" time="5.227"/>
  <testcase classname="Mainproject.simpleproject.Xlfile" name="hardAssert" time="0.042"/>
  <testcase classname="Mainproject.simpleproject.Xlfile" name="arrmethod" time="0.0"/>
</testsuite> <!-- IT Department -->
