<?xml version="1.0" encoding="UTF-8"?>
<!-- Generated by org.testng.reporters.JUnitXMLReporter -->
<testsuite ignored="1" hostname="JayeshPatle" failures="0" tests="1" name="Command line test" time="0.04" errors="0" timestamp="2023-03-02T12:24:55 IST">
  <testcase classname="commonTest.TestngFile" name="testMethod1" time="0.003"/>
  <testcase classname="commonTest.TestngFile" name="testMethod2" time="0.0">
    <ignored/>
  </testcase> <!-- testMethod2 -->
</testsuite> <!-- Command line test -->
