<?xml version="1.0" encoding="UTF-8"?>
<testng-results ignored="0" total="2" passed="2" failed="0" skipped="0">
  <reporter-output>
  </reporter-output>
  <suite started-at="2022-02-13T22:18:36 IST" name="Default suite" finished-at="2022-02-13T22:18:36 IST" duration-ms="61">
    <groups>
    </groups>
    <test started-at="2022-02-13T22:18:36 IST" name="Default test" finished-at="2022-02-13T22:18:36 IST" duration-ms="61">
      <class name="collection.Collectionframework">
        <test-method signature="LoginTest(java.lang.String,java.lang.String)[pri:0, instance:collection.Collectionframework@43301423]" started-at="2022-02-13T22:18:36 IST" name="LoginTest" data-provider="LoginDataprovider" finished-at="2022-02-13T22:18:36 IST" duration-ms="6" status="PASS">
          <params>
            <param index="0">
              <value>
                <![CDATA[abc@gmail.com]]>
              </value>
            </param>
            <param index="1">
              <value>
                <![CDATA[abc]]>
              </value>
            </param>
          </params>
          <reporter-output>
          </reporter-output>
        </test-method> <!-- LoginTest -->
        <test-method signature="LoginTest(java.lang.String,java.lang.String)[pri:0, instance:collection.Collectionframework@43301423]" started-at="2022-02-13T22:18:36 IST" name="LoginTest" data-provider="LoginDataprovider" finished-at="2022-02-13T22:18:36 IST" duration-ms="1" status="PASS">
          <params>
            <param index="0">
              <value>
                <![CDATA[xyz@gmail.com]]>
              </value>
            </param>
            <param index="1">
              <value>
                <![CDATA[xyz]]>
              </value>
            </param>
          </params>
          <reporter-output>
          </reporter-output>
        </test-method> <!-- LoginTest -->
      </class> <!-- collection.Collectionframework -->
    </test> <!-- Default test -->
  </suite> <!-- Default suite -->
</testng-results>
