<?xml version="1.0" encoding="UTF-8"?>
<testng-results ignored="0" total="1" passed="1" failed="0" skipped="0">
  <reporter-output>
  </reporter-output>
  <suite started-at="2023-06-20T10:59:00 IST" name="Default suite" finished-at="2023-06-20T10:59:08 IST" duration-ms="8281">
    <groups>
    </groups>
    <test started-at="2023-06-20T10:59:00 IST" name="Default test" finished-at="2023-06-20T10:59:08 IST" duration-ms="8281">
      <class name="apiwithrestassured.BasicAuth">
        <test-method signature="basicAuthentication()[pri:0, instance:apiwithrestassured.BasicAuth@6ca8564a]" started-at="2023-06-20T10:59:00 IST" name="basicAuthentication" finished-at="2023-06-20T10:59:08 IST" duration-ms="8182" status="PASS">
          <reporter-output>
          </reporter-output>
        </test-method> <!-- basicAuthentication -->
      </class> <!-- apiwithrestassured.BasicAuth -->
    </test> <!-- Default test -->
  </suite> <!-- Default suite -->
</testng-results>
