<?xml version="1.0" encoding="UTF-8"?>
<!-- Generated by org.testng.reporters.JUnitXMLReporter -->
<testsuite ignored="0" hostname="DESKTOP-0MUFT6L" failures="0" tests="3" name="Login Test" time="13.356" errors="0" timestamp="2022-06-15T17:23:25 IST">
  <testcase classname="TestCases.loginTest" name="loginPageTitleTest" time="3.051"/>
  <testcase classname="TestCases.loginTest" name="verifylogin" time="4.439"/>
  <testcase classname="TestCases.loginTest" name="Logout" time="1.333"/>
</testsuite> <!-- Login Test -->
