<?xml version="1.0" encoding="UTF-8"?>
<!-- Generated by org.testng.reporters.JUnitXMLReporter -->
<testsuite ignored="0" hostname="DESKTOP-0MUFT6L" failures="0" tests="3" name="reset password Test" time="22.643" errors="0" timestamp="2022-05-05T16:12:26 IST">
  <testcase classname="TestCases.Resetpassword" name="verifyloginpage" time="0.009"/>
  <testcase classname="TestCases.Resetpassword" name="verifyrespasslink" time="1.609"/>
  <testcase classname="TestCases.Resetpassword" name="resetPass" time="3.116"/>
</testsuite> <!-- reset password Test -->
