<?xml version="1.0" encoding="UTF-8"?>
<!-- Generated by org.testng.reporters.JUnitXMLReporter -->
<testsuite ignored="0" hostname="DESKTOP-0MUFT6L" failures="0" tests="3" name="userregistration Test" time="29.716" errors="0" timestamp="2022-06-15T17:23:12 IST">
  <testcase classname="TestCases.UserRegistration" name="loginPageTitleTest" time="3.082"/>
  <testcase classname="TestCases.UserRegistration" name="register" time="8.086"/>
  <testcase classname="TestCases.UserRegistration" name="register" time="6.245"/>
</testsuite> <!-- userregistration Test -->
