<?xml version="1.0" encoding="UTF-8"?>
<!-- Generated by org.testng.reporters.JUnitXMLReporter -->
<testsuite ignored="0" hostname="JayeshPatle" failures="0" tests="5" name="Default test" time="1.675" errors="0" timestamp="2023-03-01T08:55:02 IST">
  <testcase classname="sqldataBase.RetrivingDataBase" name="getData" time="0.009"/>
  <testcase classname="sqldataBase.RetrivingDataBase" name="getData" time="0.004"/>
  <testcase classname="sqldataBase.RetrivingDataBase" name="getData" time="0.001"/>
  <testcase classname="sqldataBase.RetrivingDataBase" name="getData" time="0.002"/>
  <testcase classname="sqldataBase.RetrivingDataBase" name="getData" time="0.001"/>
</testsuite> <!-- Default test -->
