<?xml version="1.0" encoding="UTF-8"?>
<!-- Generated by org.testng.reporters.JUnitXMLReporter -->
<testsuite ignored="0" hostname="JayeshPatle" failures="1" tests="3" name="Test" time="0.062" errors="0" timestamp="2023-02-05T23:06:28 IST">
  <testcase classname="testNgListeners.IReportTest" name="firstMethod" time="0.011"/>
  <testcase classname="testNgListeners.IReportTest" name="secondMethod" time="0.003">
    <failure type="java.lang.AssertionError" message="expected [true] but found [false]">
      <![CDATA[java.lang.AssertionError: expected [true] but found [false]
at testNgListeners.IReportTest.secondMethod(IReportTest.java:16)
at java.base/java.util.ArrayList.forEach(ArrayList.java:1511)
... Removed 31 stack frames]]>
    </failure>
  </testcase> <!-- secondMethod -->
  <testcase classname="testNgListeners.IReportTest" name="thirdMethod" time="0.001"/>
</testsuite> <!-- Test -->
