<?xml version="1.0" encoding="UTF-8"?>
<!-- Generated by org.testng.reporters.JUnitXMLReporter -->
<testsuite ignored="2" hostname="DESKTOP-0MUFT6L" failures="1" tests="1" name="demo test(failed)" time="6.874" errors="0" timestamp="2022-03-26T01:21:23 IST">
  <testcase classname="Mainproject.simpleproject.Xlfile" name="arrmethod" time="0.009">
    <failure type="java.lang.ArithmeticException" message="/ by zero">
      <![CDATA[java.lang.ArithmeticException: / by zero
at Mainproject.simpleproject.Xlfile.arrmethod(Xlfile.java:118)
at java.base/java.util.ArrayList.forEach(ArrayList.java:1511)
... Removed 27 stack frames]]>
    </failure>
  </testcase> <!-- arrmethod -->
  <testcase classname="Mainproject.simpleproject.Xlfile" name="hardAssert" time="0.0">
    <ignored/>
  </testcase> <!-- hardAssert -->
  <testcase classname="Mainproject.simpleproject.Xlfile" name="softAssert" time="0.0">
    <ignored/>
  </testcase> <!-- softAssert -->
</testsuite> <!-- demo test(failed) -->
