<?xml version="1.0" encoding="UTF-8"?>
<!-- Generated by org.testng.reporters.JUnitXMLReporter -->
<testsuite ignored="0" hostname="DESKTOP-0MUFT6L" failures="0" tests="3" name="Default test" time="22.29" errors="0" timestamp="2022-06-06T13:29:55 IST">
  <testcase classname="TestCases.loginTest" name="loginPageTitleTest" time="3.037"/>
  <testcase classname="TestCases.loginTest" name="verifylogin" time="8.177"/>
  <testcase classname="TestCases.loginTest" name="Logout" time="1.461"/>
</testsuite> <!-- Default test -->
