<?xml version="1.0" encoding="UTF-8"?>
<!-- Generated by org.testng.reporters.JUnitReportReporter -->
<testsuite hostname="DESKTOP-0MUFT6L" failures="1" tests="1" name="testrunner.testrunnerfile" time="31.339" errors="0" timestamp="2022-04-11T13:35:14 IST" skipped="0">
  <testcase classname="testrunner.testrunnerfile" name="runScenario" time="31.339">
    <failure message="expected [true] but found [false]" type="java.lang.AssertionError">
      <![CDATA[java.lang.AssertionError: expected [true] but found [false]
at org.testng.Assert.fail(Assert.java:110)
at org.testng.Assert.failNotEquals(Assert.java:1413)
at org.testng.Assert.assertTrue(Assert.java:56)
at org.testng.Assert.assertTrue(Assert.java:66)
at stepdefinitions.library.i_should_able_to_see_flights_list(library.java:175)
at ✽.i should able to see flights list(file:///C:/Users/SPURGE/eclipse-workspace/cucumberproject/featurefile/Searchflight.feature:15)
]]>
    </failure>
  </testcase> <!-- runScenario -->
  <system-out/>
</testsuite> <!-- testrunner.testrunnerfile -->
