<?xml version="1.0" encoding="UTF-8"?>
<!-- Generated by org.testng.reporters.JUnitXMLReporter -->
<testsuite ignored="0" hostname="DESKTOP-0MUFT6L" failures="0"
	tests="4" name="Default test" time="0.554" errors="0"
	timestamp="2022-12-16T13:43:05 IST">
	<testcase
		classname="io.cucumber.testng.AbstractTestNGCucumberTests"
		name="runScenario" time="0.125" />
	<testcase
		classname="io.cucumber.testng.AbstractTestNGCucumberTests"
		name="runScenario" time="0.014" />
	<testcase
		classname="io.cucumber.testng.AbstractTestNGCucumberTests"
		name="runScenario" time="0.01" />
	<testcase
		classname="io.cucumber.testng.AbstractTestNGCucumberTests"
		name="runScenario" time="0.012" />
</testsuite> <!-- Default test -->
