<?xml version="1.0" encoding="UTF-8"?>
<testng-results ignored="0" total="4" passed="4"
	failed="0" skipped="0">
	<reporter-output>
	</reporter-output>
	<suite started-at="2022-12-16T13:43:04 IST" name="Default suite"
		finished-at="2022-12-16T13:43:05 IST" duration-ms="554">
		<groups>
			<group name="cucumber">
				<method
					signature="AbstractTestNGCucumberTests.runScenario(io.cucumber.testng.PickleWrapper,io.cucumber.testng.FeatureWrapper)[pri:0, instance:testrunner.runner$AdminLoginTest@747ddf94]"
					name="runScenario"
					class="io.cucumber.testng.AbstractTestNGCucumberTests" />
			</group> <!-- cucumber -->
		</groups>
		<test started-at="2022-12-16T13:43:04 IST" name="Default test"
			finished-at="2022-12-16T13:43:05 IST" duration-ms="554">
			<class name="testrunner.runner$AdminLoginTest">
				<test-method is-config="true"
					signature="setUpClass(org.testng.ITestContext)[pri:0, instance:testrunner.runner$AdminLoginTest@747ddf94]"
					started-at="2022-12-16T13:43:04 IST" name="setUpClass"
					finished-at="2022-12-16T13:43:05 IST" duration-ms="335"
					status="PASS">
					<params>
						<param index="0">
							<value>
                <![CDATA[org.testng.TestRunner@46dffdc3]]>
							</value>
						</param>
					</params>
					<reporter-output>
					</reporter-output>
				</test-method> <!-- setUpClass -->
				<test-method
					signature="runScenario(io.cucumber.testng.PickleWrapper,io.cucumber.testng.FeatureWrapper)[pri:0, instance:testrunner.runner$AdminLoginTest@747ddf94]"
					started-at="2022-12-16T13:43:05 IST" name="runScenario"
					description="Runs Cucumber Scenarios" data-provider="scenarios"
					finished-at="2022-12-16T13:43:05 IST" duration-ms="125"
					status="PASS">
					<params>
						<param index="0">
							<value>
                <![CDATA["Check Admin Login with valid inputs"]]>
							</value>
						</param>
						<param index="1">
							<value>
                <![CDATA["Optional[Admin Login]"]]>
							</value>
						</param>
					</params>
					<reporter-output>
					</reporter-output>
				</test-method> <!-- runScenario -->
				<test-method
					signature="runScenario(io.cucumber.testng.PickleWrapper,io.cucumber.testng.FeatureWrapper)[pri:0, instance:testrunner.runner$AdminLoginTest@747ddf94]"
					started-at="2022-12-16T13:43:05 IST" name="runScenario"
					description="Runs Cucumber Scenarios" data-provider="scenarios"
					finished-at="2022-12-16T13:43:05 IST" duration-ms="14"
					status="PASS">
					<params>
						<param index="0">
							<value>
                <![CDATA["Check Admin Login with invalid inputs"]]>
							</value>
						</param>
						<param index="1">
							<value>
                <![CDATA["Optional[Admin Login]"]]>
							</value>
						</param>
					</params>
					<reporter-output>
					</reporter-output>
				</test-method> <!-- runScenario -->
				<test-method
					signature="runScenario(io.cucumber.testng.PickleWrapper,io.cucumber.testng.FeatureWrapper)[pri:0, instance:testrunner.runner$AdminLoginTest@747ddf94]"
					started-at="2022-12-16T13:43:05 IST" name="runScenario"
					description="Runs Cucumber Scenarios" data-provider="scenarios"
					finished-at="2022-12-16T13:43:05 IST" duration-ms="10"
					status="PASS">
					<params>
						<param index="0">
							<value>
                <![CDATA["Check Admin Login with invalid inputs"]]>
							</value>
						</param>
						<param index="1">
							<value>
                <![CDATA["Optional[Admin Login]"]]>
							</value>
						</param>
					</params>
					<reporter-output>
					</reporter-output>
				</test-method> <!-- runScenario -->
				<test-method
					signature="runScenario(io.cucumber.testng.PickleWrapper,io.cucumber.testng.FeatureWrapper)[pri:0, instance:testrunner.runner$AdminLoginTest@747ddf94]"
					started-at="2022-12-16T13:43:05 IST" name="runScenario"
					description="Runs Cucumber Scenarios" data-provider="scenarios"
					finished-at="2022-12-16T13:43:05 IST" duration-ms="12"
					status="PASS">
					<params>
						<param index="0">
							<value>
                <![CDATA["Check Admin Login with invalid inputs"]]>
							</value>
						</param>
						<param index="1">
							<value>
                <![CDATA["Optional[Admin Login]"]]>
							</value>
						</param>
					</params>
					<reporter-output>
					</reporter-output>
				</test-method> <!-- runScenario -->
				<test-method is-config="true"
					signature="tearDownClass()[pri:0, instance:testrunner.runner$AdminLoginTest@747ddf94]"
					started-at="2022-12-16T13:43:05 IST" name="tearDownClass"
					finished-at="2022-12-16T13:43:05 IST" duration-ms="8" status="PASS">
					<reporter-output>
					</reporter-output>
				</test-method> <!-- tearDownClass -->
			</class> <!-- testrunner.runner$AdminLoginTest -->
		</test> <!-- Default test -->
	</suite> <!-- Default suite -->
</testng-results>
