<?xml version="1.0" encoding="UTF-8"?>
<testng-results ignored="0" total="1" passed="1" failed="0" skipped="0">
  <reporter-output>
  </reporter-output>
  <suite started-at="2022-03-03T12:41:38 IST" name="Default suite" finished-at="2022-03-03T12:42:20 IST" duration-ms="42163">
    <groups>
    </groups>
    <test started-at="2022-03-03T12:41:38 IST" name="Default test" finished-at="2022-03-03T12:42:20 IST" duration-ms="42163">
      <class name="myproject.Form">
        <test-method signature="openurl()[pri:0, instance:myproject.Form@5c909414]" started-at="2022-03-03T12:41:38 IST" name="openurl" finished-at="2022-03-03T12:42:20 IST" duration-ms="42026" status="PASS">
          <reporter-output>
          </reporter-output>
        </test-method> <!-- openurl -->
      </class> <!-- myproject.Form -->
    </test> <!-- Default test -->
  </suite> <!-- Default suite -->
</testng-results>
