<?xml version="1.0" encoding="UTF-8"?>
<testng-results ignored="0" total="3" passed="3" failed="0" skipped="0">
  <reporter-output>
  </reporter-output>
  <suite started-at="2022-06-06T13:29:33 IST" name="Default suite" finished-at="2022-06-06T13:29:55 IST" duration-ms="22290">
    <groups>
    </groups>
    <test started-at="2022-06-06T13:29:33 IST" name="Default test" finished-at="2022-06-06T13:29:55 IST" duration-ms="22290">
      <class name="TestCases.loginTest">
        <test-method is-config="true" signature="setUp()[pri:0, instance:TestCases.loginTest@57a3af25]" started-at="2022-06-06T13:29:33 IST" name="setUp" finished-at="2022-06-06T13:29:42 IST" duration-ms="9547" status="PASS">
          <reporter-output>
          </reporter-output>
        </test-method> <!-- setUp -->
        <test-method signature="loginPageTitleTest()[pri:1, instance:TestCases.loginTest@57a3af25]" started-at="2022-06-06T13:29:42 IST" name="loginPageTitleTest" finished-at="2022-06-06T13:29:45 IST" duration-ms="3037" status="PASS">
          <reporter-output>
          </reporter-output>
        </test-method> <!-- loginPageTitleTest -->
        <test-method signature="verifylogin(java.lang.String,java.lang.String,java.lang.String)[pri:2, instance:TestCases.loginTest@57a3af25]" started-at="2022-06-06T13:29:45 IST" name="verifylogin" data-provider="login" finished-at="2022-06-06T13:29:53 IST" duration-ms="8177" status="PASS">
          <params>
            <param index="0">
              <value>
                <![CDATA[jon123@gmail.com]]>
              </value>
            </param>
            <param index="1">
              <value>
                <![CDATA[902177Jit#]]>
              </value>
            </param>
            <param index="2">
              <value>
                <![CDATA[Dashboard]]>
              </value>
            </param>
          </params>
          <reporter-output>
          </reporter-output>
        </test-method> <!-- verifylogin -->
        <test-method signature="Logout()[pri:3, instance:TestCases.loginTest@57a3af25]" started-at="2022-06-06T13:29:53 IST" name="Logout" finished-at="2022-06-06T13:29:55 IST" duration-ms="1461" status="PASS">
          <reporter-output>
          </reporter-output>
        </test-method> <!-- Logout -->
      </class> <!-- TestCases.loginTest -->
    </test> <!-- Default test -->
  </suite> <!-- Default suite -->
</testng-results>
