<?xml version="1.0" encoding="UTF-8"?>
<testng-results ignored="0" total="1" passed="1" failed="0" skipped="0">
  <reporter-output>
  </reporter-output>
  <suite started-at="2023-06-03T14:02:46 IST" name="Default suite" finished-at="2023-06-03T14:02:47 IST" duration-ms="618">
    <groups>
      <group name="cucumber">
        <method signature="AbstractTestNGCucumberTests.runScenario(io.cucumber.testng.PickleWrapper,io.cucumber.testng.FeatureWrapper)[pri:0, instance:RunnerClasses.UserRunner@6b81ce95]" name="runScenario" class="io.cucumber.testng.AbstractTestNGCucumberTests"/>
      </group> <!-- cucumber -->
    </groups>
    <test started-at="2023-06-03T14:02:46 IST" name="Default test" finished-at="2023-06-03T14:02:47 IST" duration-ms="618">
      <class name="RunnerClasses.UserRunner">
        <test-method is-config="true" signature="setUpClass(org.testng.ITestContext)[pri:0, instance:RunnerClasses.UserRunner@6b81ce95]" started-at="2023-06-03T14:02:46 IST" name="setUpClass" finished-at="2023-06-03T14:02:46 IST" duration-ms="216" status="PASS">
          <params>
            <param index="0">
              <value>
                <![CDATA[org.testng.TestRunner@acb0951]]>
              </value>
            </param>
          </params>
          <reporter-output>
          </reporter-output>
        </test-method> <!-- setUpClass -->
        <test-method signature="runScenario(io.cucumber.testng.PickleWrapper,io.cucumber.testng.FeatureWrapper)[pri:0, instance:RunnerClasses.UserRunner@6b81ce95]" started-at="2023-06-03T14:02:46 IST" name="runScenario" description="Runs Cucumber Scenarios" data-provider="scenarios" finished-at="2023-06-03T14:02:46 IST" duration-ms="103" status="PASS">
          <params>
            <param index="0">
              <value>
                <![CDATA["Crete new User"]]>
              </value>
            </param>
            <param index="1">
              <value>
                <![CDATA["Creation of New User"]]>
              </value>
            </param>
          </params>
          <reporter-output>
          </reporter-output>
        </test-method> <!-- runScenario -->
        <test-method is-config="true" signature="tearDownClass()[pri:0, instance:RunnerClasses.UserRunner@6b81ce95]" started-at="2023-06-03T14:02:46 IST" name="tearDownClass" finished-at="2023-06-03T14:02:47 IST" duration-ms="264" status="PASS">
          <reporter-output>
          </reporter-output>
        </test-method> <!-- tearDownClass -->
      </class> <!-- RunnerClasses.UserRunner -->
    </test> <!-- Default test -->
  </suite> <!-- Default suite -->
</testng-results>
