<?xml version="1.0" encoding="UTF-8"?>
<testng-results ignored="0" total="1" passed="1" failed="0" skipped="0">
  <reporter-output>
  </reporter-output>
  <suite started-at="2022-07-09T14:25:19 IST" name="Default suite" finished-at="2022-07-09T14:25:52 IST" duration-ms="33124">
    <groups>
    </groups>
    <test started-at="2022-07-09T14:25:19 IST" name="Default test" finished-at="2022-07-09T14:25:52 IST" duration-ms="33124">
      <class name="parabanktestcases.CheckAllLinksLoginPageTest">
        <test-method is-config="true" signature="openBrowser()[pri:0, instance:parabanktestcases.CheckAllLinksLoginPageTest@478190fc]" started-at="2022-07-09T14:25:19 IST" name="openBrowser" finished-at="2022-07-09T14:25:27 IST" duration-ms="7138" status="PASS">
          <reporter-output>
          </reporter-output>
        </test-method> <!-- openBrowser -->
        <test-method signature="checkAlllinks()[pri:0, instance:parabanktestcases.CheckAllLinksLoginPageTest@478190fc]" started-at="2022-07-09T14:25:27 IST" name="checkAlllinks" finished-at="2022-07-09T14:25:52 IST" duration-ms="25735" status="PASS">
          <reporter-output>
          </reporter-output>
        </test-method> <!-- checkAlllinks -->
        <test-method is-config="true" signature="closeBrowser()[pri:0, instance:parabanktestcases.CheckAllLinksLoginPageTest@478190fc]" started-at="2022-07-09T14:25:52 IST" name="closeBrowser" finished-at="2022-07-09T14:25:52 IST" duration-ms="196" status="PASS">
          <reporter-output>
          </reporter-output>
        </test-method> <!-- closeBrowser -->
      </class> <!-- parabanktestcases.CheckAllLinksLoginPageTest -->
    </test> <!-- Default test -->
  </suite> <!-- Default suite -->
</testng-results>
