<?xml version="1.0" encoding="UTF-8"?>
<!-- Generated by org.testng.reporters.JUnitXMLReporter -->
<testsuite ignored="0" hostname="DESKTOP-0MUFT6L" failures="0" tests="4" name="Abhibus Busbooking Test Cases" time="19.887" errors="0" timestamp="2022-05-09T12:25:35 IST">
  <testcase classname="pagetest.Searchbus" name="searchbusFrom" time="4.568"/>
  <testcase classname="pagetest.Searchbus" name="searchbusTo" time="5.524"/>
  <testcase classname="pagetest.Searchbus" name="selectdate" time="0.047"/>
  <testcase classname="pagetest.Searchbus" name="searchclick" time="2.378"/>
</testsuite> <!-- Abhibus Busbooking Test Cases -->
