<?xml version="1.0" encoding="UTF-8"?>
<!-- Generated by org.testng.reporters.JUnitXMLReporter -->
<testsuite ignored="2" hostname="DESKTOP-0MUFT6L" failures="0" tests="1" name="demo test(failed)(failed)" time="7.154" errors="0" timestamp="2022-03-26T01:21:54 IST">
  <testcase classname="Mainproject.simpleproject.Xlfile" name="arrmethod" time="0.01"/>
  <testcase classname="Mainproject.simpleproject.Xlfile" name="hardAssert" time="0.0">
    <ignored/>
  </testcase> <!-- hardAssert -->
  <testcase classname="Mainproject.simpleproject.Xlfile" name="softAssert" time="0.0">
    <ignored/>
  </testcase> <!-- softAssert -->
</testsuite> <!-- demo test(failed)(failed) -->
