<?xml version="1.0" encoding="UTF-8"?>
<testng-results ignored="0" total="1" passed="1" failed="0" skipped="0">
  <reporter-output>
  </reporter-output>
  <suite started-at="2022-03-05T15:16:29 IST" name="Default suite" finished-at="2022-03-05T15:17:37 IST" duration-ms="68497">
    <groups>
    </groups>
    <test started-at="2022-03-05T15:16:29 IST" name="Default test" finished-at="2022-03-05T15:17:37 IST" duration-ms="68497">
      <class name="orangehrm.tests.OrangeHRMTestSuite">
        <test-method is-config="true" signature="launchApp()[pri:0, instance:orangehrm.tests.OrangeHRMTestSuite@16293aa2]" started-at="2022-03-05T15:16:29 IST" name="launchApp" finished-at="2022-03-05T15:16:51 IST" duration-ms="22203" status="PASS">
          <reporter-output>
          </reporter-output>
        </test-method> <!-- launchApp -->
        <test-method signature="checkOrangeHRM()[pri:0, instance:orangehrm.tests.OrangeHRMTestSuite@16293aa2]" started-at="2022-03-05T15:16:51 IST" name="checkOrangeHRM" finished-at="2022-03-05T15:17:37 IST" duration-ms="46158" status="PASS">
          <reporter-output>
          </reporter-output>
        </test-method> <!-- checkOrangeHRM -->
        <test-method is-config="true" signature="closeApp()[pri:0, instance:orangehrm.tests.OrangeHRMTestSuite@16293aa2]" started-at="2022-03-05T15:17:37 IST" name="closeApp" finished-at="2022-03-05T15:17:37 IST" duration-ms="110" status="PASS">
          <reporter-output>
          </reporter-output>
        </test-method> <!-- closeApp -->
      </class> <!-- orangehrm.tests.OrangeHRMTestSuite -->
    </test> <!-- Default test -->
  </suite> <!-- Default suite -->
</testng-results>
