<?xml version="1.0" encoding="UTF-8"?>
<!-- Generated by org.testng.reporters.JUnitXMLReporter -->
<testsuite ignored="0" hostname="JayeshPatle" failures="0" tests="3" name="Test class2" time="0.014" errors="0" timestamp="2023-02-27T16:39:06 IST">
  <testcase classname="Generic_methods.Testclass2" name="method1" time="0.002"/>
  <testcase classname="Generic_methods.Testclass2" name="method2" time="0.002"/>
  <testcase classname="Generic_methods.Testclass2" name="method3" time="0.003"/>
</testsuite> <!-- Test class2 -->
