<?xml version="1.0" encoding="UTF-8"?>
<!-- Generated by org.testng.reporters.JUnitXMLReporter -->
<testsuite ignored="0" hostname="JayeshPatle" failures="0" tests="3" name="Test classes3" time="0.01" errors="0" timestamp="2023-02-27T16:39:06 IST">
  <testcase classname="Generic_methods.Testclass3" name="method1" time="0.001"/>
  <testcase classname="Generic_methods.Testclass3" name="method2" time="0.001"/>
  <testcase classname="Generic_methods.Testclass3" name="method3" time="0.001"/>
</testsuite> <!-- Test classes3 -->
