<?xml version="1.0" encoding="UTF-8"?>
<!-- Generated by org.testng.reporters.JUnitXMLReporter -->
<testsuite ignored="0" hostname="DESKTOP-0MUFT6L" failures="0" tests="9" name="Test classes" time="0.084" errors="0" timestamp="2022-05-31T15:17:03 IST">
  <testcase classname="Generic_methods.Testclass1" name="countTest" time="0.007"/>
  <testcase classname="Generic_methods.Testclass1" name="loseBrowser" time="0.001"/>
  <testcase classname="Generic_methods.Testclass1" name="OpenBrowser" time="0.003"/>
  <testcase classname="Generic_methods.Testclass2" name="method1" time="0.002"/>
  <testcase classname="Generic_methods.Testclass2" name="method2" time="0.001"/>
  <testcase classname="Generic_methods.Testclass2" name="method3" time="0.001"/>
  <testcase classname="Generic_methods.Testclass3" name="method1" time="0.001"/>
  <testcase classname="Generic_methods.Testclass3" name="method2" time="0.001"/>
  <testcase classname="Generic_methods.Testclass3" name="method3" time="0.002"/>
</testsuite> <!-- Test classes -->
