<?xml version="1.0" encoding="UTF-8"?>
<!-- Generated by org.testng.reporters.JUnitXMLReporter -->
<testsuite ignored="0" hostname="JayeshPatle" failures="0" tests="3" name="Test class1" time="0.075" errors="0" timestamp="2023-02-27T16:39:06 IST">
  <testcase classname="Generic_methods.Testclass1" name="countTest" time="0.012"/>
  <testcase classname="Generic_methods.Testclass1" name="loseBrowser" time="0.001"/>
  <testcase classname="Generic_methods.Testclass1" name="OpenBrowser" time="0.001"/>
</testsuite> <!-- Test class1 -->
