<?xml version="1.0" encoding="UTF-8"?>
<!-- Generated by org.testng.reporters.JUnitXMLReporter -->
<testsuite ignored="1" hostname="DESKTOP-0MUFT6L" failures="0" tests="3" name="test1" time="0.572" errors="0" timestamp="2022-07-08T16:05:30 IST">
  <testcase classname="Mainproject.simpleproject.Testng" name="Method1" time="0.006"/>
  <testcase classname="Mainproject.simpleproject.Testng" name="Method1" time="0.01"/>
  <testcase classname="Mainproject.simpleproject.Testng" name="Method3" time="0.008"/>
  <testcase classname="Mainproject.simpleproject.Testng" name="Method2" time="0.0">
    <ignored/>
  </testcase> <!-- Method2 -->
</testsuite> <!-- test1 -->
