<?xml version="1.0" encoding="UTF-8"?>
<testng-results ignored="0" total="2" passed="2" failed="0" skipped="0">
  <reporter-output>
  </reporter-output>
  <suite started-at="2023-03-06T19:16:36 IST" name="Default suite" finished-at="2023-03-06T19:16:36 IST" duration-ms="49">
    <groups>
    </groups>
    <test started-at="2023-03-06T19:16:36 IST" name="Default test" finished-at="2023-03-06T19:16:36 IST" duration-ms="49">
      <class name="commonTest.TestngFile">
        <test-method signature="testMethod1()[pri:0, instance:commonTest.TestngFile@4df50bcc]" started-at="2023-03-06T19:16:36 IST" name="testMethod1" finished-at="2023-03-06T19:16:36 IST" duration-ms="7" status="PASS">
          <reporter-output>
          </reporter-output>
        </test-method> <!-- testMethod1 -->
        <test-method signature="testMethod2()[pri:0, instance:commonTest.TestngFile@4df50bcc]" started-at="2023-03-06T19:16:36 IST" name="testMethod2" finished-at="2023-03-06T19:16:36 IST" duration-ms="3" status="PASS">
          <reporter-output>
          </reporter-output>
        </test-method> <!-- testMethod2 -->
      </class> <!-- commonTest.TestngFile -->
    </test> <!-- Default test -->
  </suite> <!-- Default suite -->
</testng-results>
