<?xml version="1.0" encoding="UTF-8"?>
<testng-results ignored="0" total="1" passed="1" failed="0" skipped="0">
  <reporter-output>
  </reporter-output>
  <suite started-at="2023-07-31T16:23:16 IST" name="Default suite" finished-at="2023-07-31T16:25:34 IST" duration-ms="138122">
    <groups>
    </groups>
    <test started-at="2023-07-31T16:23:16 IST" name="Default test" finished-at="2023-07-31T16:25:34 IST" duration-ms="138122">
      <class name="seleniumscripts.Growwcalculator">
        <test-method is-config="true" signature="openBrowser()[pri:0, instance:seleniumscripts.Growwcalculator@55183b20]" started-at="2023-07-31T16:23:16 IST" name="openBrowser" finished-at="2023-07-31T16:25:27 IST" duration-ms="131721" status="PASS">
          <reporter-output>
          </reporter-output>
        </test-method> <!-- openBrowser -->
        <test-method signature="brokeragecalculator()[pri:0, instance:seleniumscripts.Growwcalculator@55183b20]" started-at="2023-07-31T16:25:27 IST" name="brokeragecalculator" finished-at="2023-07-31T16:25:34 IST" duration-ms="6328" status="PASS">
          <reporter-output>
          </reporter-output>
        </test-method> <!-- brokeragecalculator -->
      </class> <!-- seleniumscripts.Growwcalculator -->
    </test> <!-- Default test -->
  </suite> <!-- Default suite -->
</testng-results>
